{"/Users/ksz163/Work/misc/Gaurang_Documents/work/sample-lambda/index.js":{"path":"/Users/ksz163/Work/misc/Gaurang_Documents/work/sample-lambda/index.js","s":{"1":1,"2":1,"3":1},"b":{},"f":{"1":1},"fnMap":{"1":{"name":"(anonymous_1)","line":1,"loc":{"start":{"line":1,"column":18},"end":{"line":1,"column":44}}}},"statementMap":{"1":{"start":{"line":1,"column":0},"end":{"line":4,"column":2}},"2":{"start":{"line":2,"column":2},"end":{"line":2,"column":46}},"3":{"start":{"line":3,"column":2},"end":{"line":3,"column":60}}},"branchMap":{}}}